<?xml version="1.0" encoding="UTF-8"?>
<testng-results ignored="0" total="3" passed="3" failed="0" skipped="0">
  <reporter-output>
  </reporter-output>
  <suite started-at="2020-10-22T09:06:47 IST" name="Default suite" finished-at="2020-10-22T09:07:20 IST" duration-ms="32900">
    <groups>
    </groups>
    <test started-at="2020-10-22T09:06:47 IST" name="Default test" finished-at="2020-10-22T09:07:20 IST" duration-ms="32900">
      <class name="DataDivine.comWordpress">
        <test-method signature="LoginWordpress(java.lang.String, java.lang.String)[pri:0, instance:DataDivine.comWordpress@609db43b]" started-at="2020-10-22T09:06:47 IST" name="LoginWordpress" data-provider="loginData" finished-at="2020-10-22T09:06:58 IST" duration-ms="10353" status="PASS">
          <params>
            <param index="0">
              <value>
                <![CDATA[admin1]]>
              </value>
            </param>
            <param index="1">
              <value>
                <![CDATA[demo123]]>
              </value>
            </param>
          </params>
          <reporter-output>
          </reporter-output>
        </test-method> <!-- LoginWordpress -->
        <test-method signature="LoginWordpress(java.lang.String, java.lang.String)[pri:0, instance:DataDivine.comWordpress@609db43b]" started-at="2020-10-22T09:06:58 IST" name="LoginWordpress" data-provider="loginData" finished-at="2020-10-22T09:07:11 IST" duration-ms="13413" status="PASS">
          <params>
            <param index="0">
              <value>
                <![CDATA[admin]]>
              </value>
            </param>
            <param index="1">
              <value>
                <![CDATA[demo123]]>
              </value>
            </param>
          </params>
          <reporter-output>
          </reporter-output>
        </test-method> <!-- LoginWordpress -->
        <test-method signature="LoginWordpress(java.lang.String, java.lang.String)[pri:0, instance:DataDivine.comWordpress@609db43b]" started-at="2020-10-22T09:07:11 IST" name="LoginWordpress" data-provider="loginData" finished-at="2020-10-22T09:07:20 IST" duration-ms="9075" status="PASS">
          <params>
            <param index="0">
              <value>
                <![CDATA[admin3]]>
              </value>
            </param>
            <param index="1">
              <value>
                <![CDATA[demo123]]>
              </value>
            </param>
          </params>
          <reporter-output>
          </reporter-output>
        </test-method> <!-- LoginWordpress -->
      </class> <!-- DataDivine.comWordpress -->
    </test> <!-- Default test -->
  </suite> <!-- Default suite -->
</testng-results>
