<?xml version="1.0" encoding="UTF-8"?>
<!-- Generated by org.testng.reporters.JUnitXMLReporter -->
<testsuite ignored="0" hostname="DESKTOP-HO3C9IU" failures="0" tests="3" name="Default test" time="32.9" errors="0" timestamp="2020-10-22T09:07:20 IST">
  <testcase classname="DataDivine.comWordpress" name="LoginWordpress" time="10.353"/>
  <testcase classname="DataDivine.comWordpress" name="LoginWordpress" time="13.413"/>
  <testcase classname="DataDivine.comWordpress" name="LoginWordpress" time="9.075"/>
</testsuite> <!-- Default test -->
