<?xml version="1.0" encoding="UTF-8"?>
<testng-results ignored="0" total="1" passed="1" failed="0" skipped="0">
  <reporter-output>
  </reporter-output>
  <suite started-at="2020-10-21T09:28:49 IST" name="Default suite" finished-at="2020-10-21T09:29:01 IST" duration-ms="11657">
    <groups>
    </groups>
    <test started-at="2020-10-21T09:28:49 IST" name="Default test" finished-at="2020-10-21T09:29:01 IST" duration-ms="11657">
      <class name="TestCases.TestCase">
        <test-method signature="validUser()[pri:0, instance:TestCases.TestCase@ba54932]" started-at="2020-10-21T09:28:49 IST" name="validUser" finished-at="2020-10-21T09:29:01 IST" duration-ms="11604" status="PASS">
          <reporter-output>
          </reporter-output>
        </test-method> <!-- validUser -->
      </class> <!-- TestCases.TestCase -->
    </test> <!-- Default test -->
  </suite> <!-- Default suite -->
</testng-results>
