<?xml version="1.0" encoding="UTF-8"?>
<!-- Generated by org.testng.reporters.JUnitXMLReporter -->
<testsuite ignored="0" hostname="DESKTOP-HO3C9IU" failures="0" tests="9" name="Default test" time="143.599" errors="0" timestamp="2020-10-24T07:17:38 IST">
  <testcase classname="DataDrivenExcel.comWordpress" name="LoginWordpress" time="18.201"/>
  <testcase classname="DataDrivenExcel.comWordpress" name="LoginWordpress" time="11.33"/>
  <testcase classname="DataDrivenExcel.comWordpress" name="LoginWordpress" time="14.25"/>
  <testcase classname="DataDrivenExcel.comWordpress" name="LoginWordpress" time="14.846"/>
  <testcase classname="DataDrivenExcel.comWordpress" name="LoginWordpress" time="14.209"/>
  <testcase classname="DataDrivenExcel.comWordpress" name="LoginWordpress" time="12.082"/>
  <testcase classname="DataDrivenExcel.comWordpress" name="LoginWordpress" time="14.41"/>
  <testcase classname="DataDrivenExcel.comWordpress" name="LoginWordpress" time="14.098"/>
  <testcase classname="DataDrivenExcel.comWordpress" name="LoginWordpress" time="29.231"/>
</testsuite> <!-- Default test -->
